<?xml version="1.0" encoding="UTF-8"?>
<!-- Generated by org.testng.reporters.JUnitXMLReporter -->
<testsuite ignored="1" hostname="LAPTOP-A0RISGTB" failures="0" tests="2" name="Test Registros fallidos" time="24.332" errors="0" timestamp="2024-02-03T12:34:24 ART">
  <testcase classname="clase3.proyInt2.Laboratorio3" name="registroFallidoPassword" time="4.471"/>
  <testcase classname="clase3.proyInt2.Laboratorio3" name="registroFallidoApellidoPassword" time="4.744"/>
  <testcase classname="clase3.proyInt2.Laboratorio3" name="registroUsuario" time="0.0">
    <ignored/>
  </testcase> <!-- registroUsuario -->
</testsuite> <!-- Test Registros fallidos -->
