<?xml version="1.0" encoding="UTF-8"?>
<testng-results ignored="0" total="2" passed="2" failed="0" skipped="0">
  <reporter-output>
  </reporter-output>
  <suite started-at="2024-02-24T10:47:41 ART" name="Suite" finished-at="2024-02-24T10:48:02 ART" duration-ms="20833">
    <groups>
    </groups>
    <test started-at="2024-02-24T10:47:41 ART" name="Search Item firefox" finished-at="2024-02-24T10:47:53 ART" duration-ms="11879">
      <class name="clase4.CrossBrowserTest">
        <test-method is-config="true" signature="setUp(java.lang.String)[pri:0, instance:clase4.CrossBrowserTest@33afa13b]" started-at="2024-02-24T10:47:41 ART" name="setUp" finished-at="2024-02-24T10:47:51 ART" duration-ms="9710" status="PASS">
          <params>
            <param index="0">
              <value>
                <![CDATA[firefox]]>
              </value>
            </param>
          </params>
          <reporter-output>
          </reporter-output>
        </test-method> <!-- setUp -->
        <test-method signature="searchItem()[pri:0, instance:clase4.CrossBrowserTest@33afa13b]" started-at="2024-02-24T10:47:51 ART" name="searchItem" finished-at="2024-02-24T10:47:52 ART" duration-ms="1087" status="PASS">
          <reporter-output>
          </reporter-output>
        </test-method> <!-- searchItem -->
        <test-method is-config="true" signature="tearDown()[pri:0, instance:clase4.CrossBrowserTest@33afa13b]" started-at="2024-02-24T10:47:52 ART" name="tearDown" finished-at="2024-02-24T10:47:53 ART" duration-ms="1044" status="PASS">
          <reporter-output>
          </reporter-output>
        </test-method> <!-- tearDown -->
      </class> <!-- clase4.CrossBrowserTest -->
    </test> <!-- Search Item firefox -->
    <test started-at="2024-02-24T10:47:53 ART" name="Search Item chrome" finished-at="2024-02-24T10:48:02 ART" duration-ms="8907">
      <class name="clase4.CrossBrowserTest">
        <test-method is-config="true" signature="setUp(java.lang.String)[pri:0, instance:clase4.CrossBrowserTest@7c0c77c7]" started-at="2024-02-24T10:47:53 ART" name="setUp" finished-at="2024-02-24T10:48:01 ART" duration-ms="7500" status="PASS">
          <params>
            <param index="0">
              <value>
                <![CDATA[chrome]]>
              </value>
            </param>
          </params>
          <reporter-output>
          </reporter-output>
        </test-method> <!-- setUp -->
        <test-method signature="searchItem()[pri:0, instance:clase4.CrossBrowserTest@7c0c77c7]" started-at="2024-02-24T10:48:01 ART" name="searchItem" finished-at="2024-02-24T10:48:02 ART" duration-ms="1341" status="PASS">
          <reporter-output>
          </reporter-output>
        </test-method> <!-- searchItem -->
        <test-method is-config="true" signature="tearDown()[pri:0, instance:clase4.CrossBrowserTest@7c0c77c7]" started-at="2024-02-24T10:48:02 ART" name="tearDown" finished-at="2024-02-24T10:48:02 ART" duration-ms="63" status="PASS">
          <reporter-output>
          </reporter-output>
        </test-method> <!-- tearDown -->
      </class> <!-- clase4.CrossBrowserTest -->
    </test> <!-- Search Item chrome -->
  </suite> <!-- Suite -->
</testng-results>
