<?xml version="1.0" encoding="UTF-8"?>
<testng-results ignored="0" total="1" passed="1" failed="0" skipped="0">
  <reporter-output>
  </reporter-output>
  <suite started-at="2024-02-24T12:41:05 ART" name="Default suite" finished-at="2024-02-24T12:41:11 ART" duration-ms="5401">
    <groups>
    </groups>
    <test started-at="2024-02-24T12:41:05 ART" name="Default test" finished-at="2024-02-24T12:41:11 ART" duration-ms="5401">
      <class name="clase6.CambiosSeleniumMobile">
        <test-method is-config="true" signature="setUp()[pri:0, instance:clase6.CambiosSeleniumMobile@72967906]" started-at="2024-02-24T12:41:06 ART" name="setUp" finished-at="2024-02-24T12:41:09 ART" duration-ms="3815" status="PASS">
          <reporter-output>
          </reporter-output>
        </test-method> <!-- setUp -->
        <test-method signature="loginTest()[pri:0, instance:clase6.CambiosSeleniumMobile@72967906]" started-at="2024-02-24T12:41:09 ART" name="loginTest" finished-at="2024-02-24T12:41:11 ART" duration-ms="1371" status="PASS">
          <reporter-output>
          </reporter-output>
        </test-method> <!-- loginTest -->
        <test-method is-config="true" signature="tearDown()[pri:0, instance:clase6.CambiosSeleniumMobile@72967906]" started-at="2024-02-24T12:41:11 ART" name="tearDown" finished-at="2024-02-24T12:41:11 ART" duration-ms="165" status="PASS">
          <reporter-output>
          </reporter-output>
        </test-method> <!-- tearDown -->
      </class> <!-- clase6.CambiosSeleniumMobile -->
    </test> <!-- Default test -->
  </suite> <!-- Default suite -->
</testng-results>
